{
"contracts/Market.sol":{"l":{"19":3,"46":1,"55":2,"56":2,"61":2,"62":2,"64":2,"74":2,"76":2,"94":1,"95":1,"96":1,"101":1,"102":1,"103":1,"104":1,"105":1,"106":1,"111":1,"112":1,"113":1,"115":1,"116":1,"117":2,"118":1,"119":1,"120":1,"121":1,"124":1,"129":0,"130":0,"131":0,"133":0,"134":0,"135":0,"139":0,"140":0,"141":0,"142":0,"143":0,"144":0,"145":0,"148":0,"153":0,"154":0,"155":0,"157":0,"158":0,"159":0,"163":0,"164":0,"165":0,"166":0,"167":0,"168":0,"169":0,"172":0},"path":"/home/userone/Documents/richu-work/DBM-client/contracts/Market.sol","s":{"1":3,"2":1,"3":2,"4":2,"5":2,"6":2,"7":2,"8":2,"9":2,"10":1,"11":1,"12":1,"13":1,"14":1,"15":1,"16":1,"17":1,"18":1,"19":1,"20":1,"21":1,"22":1,"23":1,"24":2,"25":1,"26":1,"27":1,"28":1,"29":1,"30":0,"31":0,"32":0,"33":0,"34":0,"35":0,"36":0,"37":0,"38":0,"39":0,"40":0,"41":0,"42":0,"43":0,"44":0,"45":0,"46":0,"47":0,"48":0,"49":0,"50":0,"51":0,"52":0,"53":0,"54":0,"55":0,"56":0,"57":0},"b":{"1":[2,0],"2":[2,0],"3":[1,0],"4":[1,1],"5":[0,0],"6":[0,0],"7":[0,0],"8":[0,0]},"f":{"1":3,"2":1,"3":2,"4":1,"5":1,"6":0,"7":0},"fnMap":{"1":{"name":"constructor","line":18,"loc":{"start":{"line":18,"column":4},"end":{"line":20,"column":4}}},"2":{"name":"getListingPrice","line":45,"loc":{"start":{"line":45,"column":4},"end":{"line":47,"column":4}}},"3":{"name":"createMarketItem","line":54,"loc":{"start":{"line":50,"column":4},"end":{"line":85,"column":4}}},"4":{"name":"createMarketSale","line":92,"loc":{"start":{"line":89,"column":4},"end":{"line":107,"column":4}}},"5":{"name":"fetchMarketItems","line":110,"loc":{"start":{"line":110,"column":4},"end":{"line":125,"column":4}}},"6":{"name":"fetchMyNFTs","line":128,"loc":{"start":{"line":128,"column":4},"end":{"line":149,"column":4}}},"7":{"name":"fetchItemsCreated","line":152,"loc":{"start":{"line":152,"column":4},"end":{"line":173,"column":4}}}},"statementMap":{"1":{"start":{"line":19,"column":8},"end":{"line":19,"column":34}},"2":{"start":{"line":46,"column":8},"end":{"line":46,"column":27}},"3":{"start":{"line":55,"column":8},"end":{"line":55,"column":57}},"4":{"start":{"line":56,"column":8},"end":{"line":56,"column":1496}},"5":{"start":{"line":61,"column":8},"end":{"line":61,"column":27}},"6":{"start":{"line":62,"column":8},"end":{"line":62,"column":43}},"7":{"start":{"line":64,"column":8},"end":{"line":64,"column":1691}},"8":{"start":{"line":74,"column":8},"end":{"line":74,"column":76}},"9":{"start":{"line":76,"column":8},"end":{"line":76,"column":1998}},"10":{"start":{"line":94,"column":8},"end":{"line":94,"column":52}},"11":{"start":{"line":95,"column":8},"end":{"line":95,"column":56}},"12":{"start":{"line":96,"column":8},"end":{"line":96,"column":2560}},"13":{"start":{"line":101,"column":8},"end":{"line":101,"column":56}},"14":{"start":{"line":102,"column":8},"end":{"line":102,"column":76}},"15":{"start":{"line":103,"column":8},"end":{"line":103,"column":57}},"16":{"start":{"line":104,"column":8},"end":{"line":104,"column":41}},"17":{"start":{"line":105,"column":8},"end":{"line":105,"column":29}},"18":{"start":{"line":106,"column":8},"end":{"line":106,"column":44}},"19":{"start":{"line":111,"column":8},"end":{"line":111,"column":46}},"20":{"start":{"line":112,"column":8},"end":{"line":112,"column":75}},"21":{"start":{"line":113,"column":8},"end":{"line":113,"column":32}},"22":{"start":{"line":115,"column":8},"end":{"line":115,"column":69}},"23":{"start":{"line":116,"column":8},"end":{"line":116,"column":3377}},"24":{"start":{"line":117,"column":12},"end":{"line":117,"column":3435}},"25":{"start":{"line":118,"column":16},"end":{"line":118,"column":41}},"26":{"start":{"line":119,"column":16},"end":{"line":119,"column":74}},"27":{"start":{"line":120,"column":16},"end":{"line":120,"column":48}},"28":{"start":{"line":121,"column":16},"end":{"line":121,"column":32}},"29":{"start":{"line":124,"column":8},"end":{"line":124,"column":20}},"30":{"start":{"line":129,"column":8},"end":{"line":129,"column":51}},"31":{"start":{"line":130,"column":8},"end":{"line":130,"column":29}},"32":{"start":{"line":131,"column":8},"end":{"line":131,"column":32}},"33":{"start":{"line":133,"column":8},"end":{"line":133,"column":3992}},"34":{"start":{"line":134,"column":12},"end":{"line":134,"column":4055}},"35":{"start":{"line":135,"column":16},"end":{"line":135,"column":29}},"36":{"start":{"line":139,"column":8},"end":{"line":139,"column":63}},"37":{"start":{"line":140,"column":8},"end":{"line":140,"column":4230}},"38":{"start":{"line":141,"column":12},"end":{"line":141,"column":4293}},"39":{"start":{"line":142,"column":16},"end":{"line":142,"column":41}},"40":{"start":{"line":143,"column":16},"end":{"line":143,"column":74}},"41":{"start":{"line":144,"column":16},"end":{"line":144,"column":48}},"42":{"start":{"line":145,"column":16},"end":{"line":145,"column":32}},"43":{"start":{"line":148,"column":8},"end":{"line":148,"column":20}},"44":{"start":{"line":153,"column":8},"end":{"line":153,"column":51}},"45":{"start":{"line":154,"column":8},"end":{"line":154,"column":29}},"46":{"start":{"line":155,"column":8},"end":{"line":155,"column":32}},"47":{"start":{"line":157,"column":8},"end":{"line":157,"column":4848}},"48":{"start":{"line":158,"column":12},"end":{"line":158,"column":4911}},"49":{"start":{"line":159,"column":16},"end":{"line":159,"column":29}},"50":{"start":{"line":163,"column":8},"end":{"line":163,"column":63}},"51":{"start":{"line":164,"column":8},"end":{"line":164,"column":5087}},"52":{"start":{"line":165,"column":12},"end":{"line":165,"column":5150}},"53":{"start":{"line":166,"column":16},"end":{"line":166,"column":41}},"54":{"start":{"line":167,"column":16},"end":{"line":167,"column":74}},"55":{"start":{"line":168,"column":16},"end":{"line":168,"column":48}},"56":{"start":{"line":169,"column":16},"end":{"line":169,"column":32}},"57":{"start":{"line":172,"column":8},"end":{"line":172,"column":20}}},"branchMap":{"1":{"line":55,"type":"if","locations":[{"start":{"line":55,"column":8},"end":{"line":55,"column":8}},{"start":{"line":55,"column":8},"end":{"line":55,"column":8}}]},"2":{"line":56,"type":"if","locations":[{"start":{"line":56,"column":8},"end":{"line":56,"column":8}},{"start":{"line":56,"column":8},"end":{"line":56,"column":8}}]},"3":{"line":96,"type":"if","locations":[{"start":{"line":96,"column":8},"end":{"line":96,"column":8}},{"start":{"line":96,"column":8},"end":{"line":96,"column":8}}]},"4":{"line":117,"type":"if","locations":[{"start":{"line":117,"column":12},"end":{"line":117,"column":12}},{"start":{"line":117,"column":12},"end":{"line":117,"column":12}}]},"5":{"line":134,"type":"if","locations":[{"start":{"line":134,"column":12},"end":{"line":134,"column":12}},{"start":{"line":134,"column":12},"end":{"line":134,"column":12}}]},"6":{"line":141,"type":"if","locations":[{"start":{"line":141,"column":12},"end":{"line":141,"column":12}},{"start":{"line":141,"column":12},"end":{"line":141,"column":12}}]},"7":{"line":158,"type":"if","locations":[{"start":{"line":158,"column":12},"end":{"line":158,"column":12}},{"start":{"line":158,"column":12},"end":{"line":158,"column":12}}]},"8":{"line":165,"type":"if","locations":[{"start":{"line":165,"column":12},"end":{"line":165,"column":12}},{"start":{"line":165,"column":12},"end":{"line":165,"column":12}}]}}},
"contracts/NFT.sol":{"l":{"16":3,"20":2,"21":2,"23":2,"24":2,"25":2,"26":2},"path":"/home/userone/Documents/richu-work/DBM-client/contracts/NFT.sol","s":{"1":3,"2":2,"3":2,"4":2,"5":2,"6":2,"7":2},"b":{},"f":{"1":3,"2":2},"fnMap":{"1":{"name":"constructor","line":15,"loc":{"start":{"line":15,"column":4},"end":{"line":17,"column":4}}},"2":{"name":"createToken","line":19,"loc":{"start":{"line":19,"column":4},"end":{"line":27,"column":4}}}},"statementMap":{"1":{"start":{"line":16,"column":8},"end":{"line":16,"column":43}},"2":{"start":{"line":20,"column":8},"end":{"line":20,"column":28}},"3":{"start":{"line":21,"column":8},"end":{"line":21,"column":47}},"4":{"start":{"line":23,"column":8},"end":{"line":23,"column":35}},"5":{"start":{"line":24,"column":8},"end":{"line":24,"column":40}},"6":{"start":{"line":25,"column":8},"end":{"line":25,"column":47}},"7":{"start":{"line":26,"column":8},"end":{"line":26,"column":24}}},"branchMap":{}}}
