TN:
SF:/home/userone/Documents/richu-work/DBM-client/contracts/Market.sol
FN:18,constructor
FN:45,getListingPrice
FN:54,createMarketItem
FN:92,createMarketSale
FN:110,fetchMarketItems
FN:128,fetchMyNFTs
FN:152,fetchItemsCreated
FNF:7
FNH:5
FNDA:3,constructor
FNDA:1,getListingPrice
FNDA:2,createMarketItem
FNDA:1,createMarketSale
FNDA:1,fetchMarketItems
FNDA:0,fetchMyNFTs
FNDA:0,fetchItemsCreated
DA:19,3
DA:46,1
DA:55,2
DA:56,2
DA:61,2
DA:62,2
DA:64,2
DA:74,2
DA:76,2
DA:94,1
DA:95,1
DA:96,1
DA:101,1
DA:102,1
DA:103,1
DA:104,1
DA:105,1
DA:106,1
DA:111,1
DA:112,1
DA:113,1
DA:115,1
DA:116,1
DA:117,2
DA:118,1
DA:119,1
DA:120,1
DA:121,1
DA:124,1
DA:129,0
DA:130,0
DA:131,0
DA:133,0
DA:134,0
DA:135,0
DA:139,0
DA:140,0
DA:141,0
DA:142,0
DA:143,0
DA:144,0
DA:145,0
DA:148,0
DA:153,0
DA:154,0
DA:155,0
DA:157,0
DA:158,0
DA:159,0
DA:163,0
DA:164,0
DA:165,0
DA:166,0
DA:167,0
DA:168,0
DA:169,0
DA:172,0
LF:57
LH:29
BRDA:55,1,0,2
BRDA:55,1,1,0
BRDA:56,2,0,2
BRDA:56,2,1,0
BRDA:96,3,0,1
BRDA:96,3,1,0
BRDA:117,4,0,1
BRDA:117,4,1,1
BRDA:134,5,0,0
BRDA:134,5,1,0
BRDA:141,6,0,0
BRDA:141,6,1,0
BRDA:158,7,0,0
BRDA:158,7,1,0
BRDA:165,8,0,0
BRDA:165,8,1,0
BRF:16
BRH:5
end_of_record
TN:
SF:/home/userone/Documents/richu-work/DBM-client/contracts/NFT.sol
FN:15,constructor
FN:19,createToken
FNF:2
FNH:2
FNDA:3,constructor
FNDA:2,createToken
DA:16,3
DA:20,2
DA:21,2
DA:23,2
DA:24,2
DA:25,2
DA:26,2
LF:7
LH:7
BRF:0
BRH:0
end_of_record
